Log opened at 2016-03-19 14:38:56
I: Checking remote connect back address.
I: Checking header 'HTTP_X_FORWARDED_FOR'.
I: Checking header 'REMOTE_ADDR'.
W: Remote address not found, connecting to configured address/port: 10.72.29.214:9000. :-|
E: Time-out connecting to client. :-(
Log closed at 2016-03-19 14:38:56

Log opened at 2016-03-19 14:48:52
I: Checking remote connect back address.
I: Checking header 'HTTP_X_FORWARDED_FOR'.
I: Checking header 'REMOTE_ADDR'.
W: Remote address not found, connecting to configured address/port: 10.72.29.214:9000. :-|
E: Time-out connecting to client. :-(
Log closed at 2016-03-19 14:48:52

Log opened at 2016-03-19 14:49:36
I: Checking remote connect back address.
I: Checking header 'HTTP_X_FORWARDED_FOR'.
I: Checking header 'REMOTE_ADDR'.
W: Remote address not found, connecting to configured address/port: 10.72.29.214:9000. :-|
E: Time-out connecting to client. :-(
Log closed at 2016-03-19 14:49:36

Log opened at 2016-03-19 14:50:07
I: Checking remote connect back address.
I: Checking header 'HTTP_X_FORWARDED_FOR'.
I: Checking header 'REMOTE_ADDR'.
W: Remote address not found, connecting to configured address/port: 10.72.29.214:9000. :-|
E: Time-out connecting to client. :-(
Log closed at 2016-03-19 14:50:08

Log opened at 2016-03-19 15:28:36
I: Checking remote connect back address.
I: Checking header 'HTTP_X_FORWARDED_FOR'.
I: Checking header 'REMOTE_ADDR'.
W: Remote address not found, connecting to configured address/port: 10.72.29.214:9000. :-|
E: Time-out connecting to client. :-(
Log closed at 2016-03-19 15:28:36

Log opened at 2016-03-20 02:15:38
I: Checking remote connect back address.
I: Checking header 'HTTP_X_FORWARDED_FOR'.
I: Checking header 'REMOTE_ADDR'.
W: Remote address not found, connecting to configured address/port: 10.72.29.214:9000. :-|
E: Time-out connecting to client. :-(
Log closed at 2016-03-20 02:15:38

Log opened at 2016-03-20 03:02:22
I: Checking remote connect back address.
I: Checking header 'HTTP_X_FORWARDED_FOR'.
I: Checking header 'REMOTE_ADDR'.
W: Remote address not found, connecting to configured address/port: 10.72.29.214:9000. :-|
E: Time-out connecting to client. :-(
Log closed at 2016-03-20 03:02:22

Log opened at 2016-03-20 03:02:53
I: Checking remote connect back address.
I: Checking header 'HTTP_X_FORWARDED_FOR'.
I: Checking header 'REMOTE_ADDR'.
W: Remote address not found, connecting to configured address/port: 10.72.29.214:9000. :-|
E: Time-out connecting to client. :-(
Log closed at 2016-03-20 03:02:53

Log opened at 2016-03-20 03:03:21
I: Checking remote connect back address.
I: Checking header 'HTTP_X_FORWARDED_FOR'.
I: Checking header 'REMOTE_ADDR'.
W: Remote address not found, connecting to configured address/port: 10.72.29.214:9000. :-|
E: Time-out connecting to client. :-(
Log closed at 2016-03-20 03:03:22

